<?xml version="1.0" encoding="UTF-8"?>
<!--

    Copyright 2010 The Kuali Foundation Licensed under the
    Educational Community License, Version 2.0 (the "License"); you may
    not use this file except in compliance with the License. You may
    obtain a copy of the License at

    http://www.osedu.org/licenses/ECL-2.0

    Unless required by applicable law or agreed to in writing,
    software distributed under the License is distributed on an "AS IS"
    BASIS, WITHOUT WARRANTIES OR CONDITIONS OF ANY KIND, either express
    or implied. See the License for the specific language governing
    permissions and limitations under the License.

-->

<beans xmlns="http://www.springframework.org/schema/beans"
	xmlns:xsi="http://www.w3.org/2001/XMLSchema-instance" xmlns:search="http://student.kuali.org/xsd/search-extension"
	xmlns:dict="http://student.kuali.org/xsd/dictionary-extension"
	xsi:schemaLocation="
	http://student.kuali.org/xsd/search-extension http://student.kuali.org/xsd/search-extension/search-extension.xsd
	http://student.kuali.org/xsd/dictionary-extension http://student.kuali.org/xsd/dictionary-extension/dictionary-extension.xsd
	http://www.springframework.org/schema/beans http://www.springframework.org/schema/beans/spring-beans-2.5.xsd
	 ">
	<import resource="base-org-dict-config.xml" />
	<search:crossSearchType id="org.crossSearch.test">
		<search:name>CrossSearchName</search:name>
		<search:desc>CrossSearchDesc</search:desc>
		<search:searchResultTypeInfo>
			<search:name>ResultName</search:name>
			<search:desc>ResultDesc</search:desc>
			<search:resultColumns>
				<search:resultColumn>
					<search:name>Col1</search:name>
					<search:desc>Col1Desc</search:desc>
					<search:dataType>String</search:dataType>
				</search:resultColumn>
			</search:resultColumns>
		</search:searchResultTypeInfo>
		<search:searchCriteriaTypeInfo>
			<search:name>Criteria1</search:name>
			<search:desc>Criteria1Desc</search:desc>
			<search:queryParams>
				<search:queryParam id="queryParam1">
					<dict:fieldDescriptor>
						<dict:name>Organization Name</dict:name>
						<dict:desc>Long organization name.</dict:desc>
						<dict:dataType>string</dict:dataType>
						<dict:readOnly>true</dict:readOnly>
					</dict:fieldDescriptor>
				</search:queryParam>
			</search:queryParams>
		</search:searchCriteriaTypeInfo>
		<search:subSearch searchkey="org.search.advanced"
			key="subSearch1">
			<search:subSearchParamMappings
				crossSearchParam="queryParam1" subSearchParam="org.queryParam.orgOptionalLongName" />
		</search:subSearch>
		<search:subSearch searchkey="org.search.advanced"
			key="subSearch2">
			<search:subSearchParamMappings
				crossSearchParam="queryParam2" subSearchParam="org.queryParam.orgOptionalLongName" />
		</search:subSearch>
		<search:joinCriteria type="AND">
			<search:comparison type="EQUALS">
				<search:leftHandSide subSearchKey="subSearch1"
					param="queryParam1" />
				<search:rightHandSide subSearchKey="subSearch2"
					param="queryParam2" />
			</search:comparison>
			<search:comparison type="GREATERTHAN">
				<search:leftHandSide subSearchKey="subSearch1"
					param="queryParam3" />
				<search:rightHandSide subSearchKey="subSearch2"
					param="queryParam4" />
			</search:comparison>
			<search:joinCriteria type="OR">
				<search:comparison type="EQUALS">
					<search:leftHandSide subSearchKey="subSearch1"
						param="queryParam6" />
					<search:rightHandSide subSearchKey="subSearch2"
						param="queryParam7" />
				</search:comparison>
				<search:comparison type="EQUALS">
					<search:leftHandSide subSearchKey="subSearch1"
						param="queryParam1" />
					<search:rightHandSide subSearchKey="subSearch2"
						param="queryParam2" />
				</search:comparison>
			</search:joinCriteria>
		</search:joinCriteria>
		<search:joinResultMapping
			subSearchResultParam="Col1" subSearchKey="subSearch1" resultParam="org.resultColumn.orgId" />
		<search:joinResultMapping
			subSearchResultParam="Col2" subSearchKey="subSearch2" resultParam="org.resultColumn.orgId2" />
	</search:crossSearchType>


	<!-- definition for generic search component -->
	<search:searchType id="org.search.advanced" parent="org.search.advanced-parent"/>
	<search:searchType id="org.search.advanced-parent"  abstract="true">
		<search:name>Basic and Advanced Search</search:name>
		<search:desc>Query with multiple optional elements to satisfy most advanced pickers</search:desc>
		<search:searchResultTypeInfo>
			<ref bean="org.result.advanced"/>  <!--  could be defined as stand alone -->
		</search:searchResultTypeInfo>
		<search:searchCriteriaTypeInfo>
			<ref bean="org.criteria.orgAdvancedCriteria"/>
		</search:searchCriteriaTypeInfo>
	</search:searchType>

	<search:searchResultTypeInfo id="org.result.advanced" parent="org.result.advanced-parent"/>
	<search:searchResultTypeInfo id="org.result.advanced-parent"  abstract="true">
		<search:name>Organization Full View Less Hierarchies</search:name>
		<search:desc>Full view of the Organization Less Hierarchies</search:desc>
		<search:resultColumns>
			<ref bean="org.resultColumn.orgId" /> 
			<ref bean="org.resultColumn.orgShortName" />
			<ref bean="org.resultColumn.orgOptionalLongName"/>
			<ref bean="org.resultColumn.orgType" />
		</search:resultColumns>
	</search:searchResultTypeInfo>

	<search:resultColumn id="org.resultColumn.orgOptionalLongName" parent="org.resultColumn.orgOptionalLongName-parent"/>
	<search:resultColumn id="org.resultColumn.orgOptionalLongName-parent"  abstract="true">
		<search:name>Name</search:name>
		<search:desc>Long name for the organization, recorded as the default listing.</search:desc>
		<search:dataType>string</search:dataType>
	</search:resultColumn>
	
	<search:searchCriteriaTypeInfo id="org.criteria.orgAdvancedCriteria" parent="org.criteria.orgAdvancedCriteria-parent"/>
	<search:searchCriteriaTypeInfo id="org.criteria.orgAdvancedCriteria-parent"  abstract="true">
		<search:name>OrgAdvancedCriteria</search:name>
		<search:desc>Advanced criteria</search:desc>
		<search:queryParams>
			<ref bean="org.queryParam.orgOptionalLongName"/>
			<ref bean="org.queryParam.orgOptionalLocation"/>
			<ref bean="org.queryParam.orgOptionalId"/>
			<ref bean="org.queryParam.orgOptionalShortName"/>
			<ref bean="org.queryParam.startswith.orgOptionalShortName"/>
			<ref bean="org.queryParam.orgOptionalType"/>
		</search:queryParams>
	</search:searchCriteriaTypeInfo>

	<search:queryParam id="org.queryParam.orgOptionalLongName" parent="org.queryParam.orgOptionalLongName-parent"/>
	<search:queryParam id="org.queryParam.orgOptionalLongName-parent" 
		optional="true" abstract="true">
		<ref bean="org.fieldDescriptor.longName" />
	</search:queryParam>
	<search:queryParam id="org.queryParam.orgOptionalLocation" parent="org.queryParam.orgOptionalLocation-parent"/>
	<search:queryParam id="org.queryParam.orgOptionalLocation-parent" 
		optional="true" abstract="true">
		<ref bean="org.fieldDescriptor.location" />
	</search:queryParam>
	<search:queryParam id="org.queryParam.orgOptionalId" parent="org.queryParam.orgOptionalId-parent"/>
	<search:queryParam id="org.queryParam.orgOptionalId-parent" 
		optional="true" abstract="true">
		<ref bean="org.fieldDescriptor.id" />
		<!--
			we could use the existing definitions of fds if they all share the
			same name displayed in UI
		-->
	</search:queryParam>
	<search:queryParam id="org.queryParam.orgOptionalShortName" parent="org.queryParam.orgOptionalShortName-parent"/>
	<search:queryParam id="org.queryParam.orgOptionalShortName-parent" 
		optional="true" abstract="true">
		<ref bean="org.fieldDescriptor.shortName" />
	</search:queryParam>
	<search:queryParam id="org.queryParam.startswith.orgOptionalShortName" parent="org.queryParam.startswith.orgOptionalShortName-parent"/>
	<search:queryParam id="org.queryParam.startswith.orgOptionalShortName-parent" 
		optional="true" abstract="true">
		<ref bean="org.fieldDescriptor.startsWithShortName" />
	</search:queryParam>
	<search:queryParam id="org.queryParam.orgOptionalType" parent="org.queryParam.orgOptionalType-parent"/>
	<search:queryParam id="org.queryParam.orgOptionalType-parent" 
		optional="true" abstract="true">
		<ref bean="org.fieldDescriptor.type" />
	</search:queryParam>

	<dict:fieldDescriptor id="org.fieldDescriptor.longName" parent="org.fieldDescriptor.longName-parent"/>
	<dict:fieldDescriptor id="org.fieldDescriptor.longName-parent"  abstract="true">
		<dict:name>Organization Name</dict:name>
		<dict:desc>Long organization name.</dict:desc>
		<dict:dataType>string</dict:dataType>
		<dict:readOnly>true</dict:readOnly>
	</dict:fieldDescriptor>
	<dict:fieldDescriptor id="org.fieldDescriptor.location" parent="org.fieldDescriptor.location-parent"/>
	<dict:fieldDescriptor id="org.fieldDescriptor.location-parent"  abstract="true">
		<dict:name>Location</dict:name>
		<dict:desc>Organization location.</dict:desc>
		<dict:dataType>string</dict:dataType>
		<dict:readOnly>true</dict:readOnly>
	</dict:fieldDescriptor>
	<dict:fieldDescriptor id="org.fieldDescriptor.id" parent="org.fieldDescriptor.id-parent"/>
	<dict:fieldDescriptor id="org.fieldDescriptor.id-parent"  abstract="true">
		<!--
			we could use the existing definitions of fds if they all share the
			same name displayed in UI
		-->
		<dict:name>Id</dict:name>
		<dict:desc>Unique identifier for an organization.</dict:desc>
		<dict:dataType>string</dict:dataType>
		<dict:readOnly>true</dict:readOnly>
	</dict:fieldDescriptor>
	<dict:fieldDescriptor id="org.fieldDescriptor.shortName" parent="org.fieldDescriptor.shortName-parent"/>
	<dict:fieldDescriptor id="org.fieldDescriptor.shortName-parent"  abstract="true">
		<dict:name>Organization Short Name</dict:name>
		<dict:desc>Short organization name.</dict:desc>
		<dict:dataType>string</dict:dataType>
		<dict:readOnly>true</dict:readOnly>
	</dict:fieldDescriptor>
	<dict:fieldDescriptor id="org.fieldDescriptor.startsWithShortName" parent="org.fieldDescriptor.startsWithShortName-parent"/>
	<dict:fieldDescriptor id="org.fieldDescriptor.startsWithShortName-parent"  abstract="true">
		<dict:name>Starts with Organization Short Name</dict:name>
		<dict:desc>Starts With Short organization name.</dict:desc>
		<dict:dataType>string</dict:dataType>
		<dict:readOnly>true</dict:readOnly>
	</dict:fieldDescriptor>
	<dict:fieldDescriptor id="org.fieldDescriptor.type" parent="org.fieldDescriptor.type-parent"/>
	<dict:fieldDescriptor id="org.fieldDescriptor.type-parent"  abstract="true">
		<dict:name>Org Type</dict:name>
		<dict:desc>Type of an organization.</dict:desc>
		<dict:dataType>string</dict:dataType>
		<dict:readOnly>true</dict:readOnly>
	</dict:fieldDescriptor>
				
	<search:searchType id="org.search.test.orgs" parent="org.search.test.orgs-parent"/>
	<search:searchType id="org.search.test.orgs-parent"  abstract="true">
		<search:name>All Orgs Filtered</search:name>
		<search:desc>Query with multiple optional elements</search:desc>
		<search:searchResultTypeInfo>
			<ref bean="org.result.orgFullView" />
		</search:searchResultTypeInfo>
		<search:searchCriteriaTypeInfo>
			<ref bean="org.criteria.orgGenericCriteria"/>
		</search:searchCriteriaTypeInfo>
	</search:searchType>

	<search:searchCriteriaTypeInfo id="org.criteria.orgGenericCriteria" parent="org.criteria.orgGenericCriteria-parent"/>
	<search:searchCriteriaTypeInfo id="org.criteria.orgGenericCriteria-parent"  abstract="true">
		<search:name>OrgGenericCriteria</search:name>
		<search:desc>OrgGenericCriteria Description</search:desc>
		<search:queryParams>
			<ref bean="org.queryParam.orgGenericType"/>
			<ref bean="org.queryParam.orgGenericShortName"/>
		</search:queryParams>
	</search:searchCriteriaTypeInfo>

	<search:queryParam id="org.queryParam.orgGenericType" parent="org.queryParam.orgGenericType-parent"/>
	<search:queryParam id="org.queryParam.orgGenericType-parent"  optional="true" abstract="true">
		<ref bean="childFieldDescriptor" />
	</search:queryParam>
	
	<search:queryParam id="org.queryParam.orgGenericShortName" parent="org.queryParam.orgGenericShortName-parent"/>
	<search:queryParam id="org.queryParam.orgGenericShortName-parent"  optional="true" abstract="true">
		<ref bean="childFieldDescriptor" />
	</search:queryParam>
	
	<search:searchType id="org.search.orgHierarchyIds" parent="org.search.orgHierarchyIds-parent"/>
	<search:searchType id="org.search.orgHierarchyIds-parent"  abstract="true">
		<search:name>All org Hierarchies</search:name>
		<search:desc>Returns all org hierarchy ids.</search:desc>
		<search:searchResultTypeInfo>
			<ref bean="org.result.orgHierarchyIds" />
		</search:searchResultTypeInfo>
		<search:searchCriteriaTypeInfo>
			<ref bean="org.criteria.orgHierarchyIds" />
		</search:searchCriteriaTypeInfo>
	</search:searchType>

	<search:searchType id="org.search.hierarchiesOrgIsIn" parent="org.search.hierarchiesOrgIsIn-parent"/>
	<search:searchType id="org.search.hierarchiesOrgIsIn-parent"  abstract="true">
		<search:name>All org Hierarchies</search:name>
		<search:desc>Returns all org hierarchy ids.</search:desc>
		<search:searchResultTypeInfo>
			<ref bean="org.result.hierarchiesOrgIsIn" />
		</search:searchResultTypeInfo>
		<search:searchCriteriaTypeInfo>
			<ref bean="org.criteria.hierarchiesOrgIsIn" />
		</search:searchCriteriaTypeInfo>
	</search:searchType>

	<search:searchType id="org.search.orgQuickViewByOrgType" parent="org.search.orgQuickViewByOrgType-parent"/>
	<search:searchType id="org.search.orgQuickViewByOrgType-parent"  abstract="true">
		<search:name>Organization Quick View By Org Type</search:name>
		<search:desc>Returns a quick view of organization information for orgs having a match on org type.</search:desc>
		<search:searchResultTypeInfo>
			<ref bean="org.result.orgQuickView" />
		</search:searchResultTypeInfo>
		<search:searchCriteriaTypeInfo>
			<ref bean="org.criteria.orgByOrgType" />
		</search:searchCriteriaTypeInfo>
	</search:searchType>
	
	<search:searchType id="org.search.orgQuickViewByHierarchyShortName" parent="org.search.orgQuickViewByHierarchyShortName-parent"/>
	<search:searchType id="org.search.orgQuickViewByHierarchyShortName-parent"  abstract="true">
		<search:name>Organization Quick View By Hierarchy and ShortName match</search:name>
		<search:desc>Returns a quick view of organization information for orgs in a hierarchy with like on shortName.</search:desc>
		<search:searchResultTypeInfo>
			<ref bean="org.result.orgQuickView" />
		</search:searchResultTypeInfo>
		<search:searchCriteriaTypeInfo>
			<ref bean="org.criteria.orgByHierarchyShortName" />
		</search:searchCriteriaTypeInfo>
	</search:searchType>
	
	<search:searchType id="org.search.orgQuickViewByRelationTypeOrgTypeRelatedOrgType" parent="org.search.orgQuickViewByRelationTypeOrgTypeRelatedOrgType-parent"/>
	<search:searchType id="org.search.orgQuickViewByRelationTypeOrgTypeRelatedOrgType-parent"  abstract="true">
		<search:name>Organization Quick View By Relation Type, Org Type and RelatedOrg type</search:name>
		<search:desc>Returns a quick view of organization information for orgs in a relation with specified types</search:desc>
		<search:searchResultTypeInfo>
			<ref bean="org.result.orgQuickView" />
		</search:searchResultTypeInfo>
		<search:searchCriteriaTypeInfo>
			<ref bean="org.criteria.orgByRelationTypeOrgTypeRelatedOrgType" />
		</search:searchCriteriaTypeInfo>
	</search:searchType>
	
	<search:searchType id="org.search.orgQuickViewByRelationTypeOrgTypeRelatedOrgTypeAltr" parent="org.search.orgQuickViewByRelationTypeOrgTypeRelatedOrgTypeAltr-parent"/>
	<search:searchType id="org.search.orgQuickViewByRelationTypeOrgTypeRelatedOrgTypeAltr-parent"  abstract="true">
		<search:name>Organization Quick View By Relation Type, Org Type and RelatedOrg type</search:name>
		<search:desc>Returns a quick view of organization information for orgs in a relation with specified types</search:desc>
		<search:searchResultTypeInfo>
			<ref bean="org.result.orgQuickView" />
		</search:searchResultTypeInfo>
		<search:searchCriteriaTypeInfo>
			<ref bean="org.criteria.orgByRelationTypeOrgTypeRelatedOrgTypeAltr" />
		</search:searchCriteriaTypeInfo>
	</search:searchType>
	
	<search:searchType id="org.search.orgQuickViewByRelationTypeRelatedOrgTypeOrgId" parent="org.search.orgQuickViewByRelationTypeRelatedOrgTypeOrgId-parent"/>
	<search:searchType id="org.search.orgQuickViewByRelationTypeRelatedOrgTypeOrgId-parent"  abstract="true">
		<search:name>Organization Quick View By Relation Type, Org Ide and RelatedOrg type</search:name>
		<search:desc>Returns a quick view of organization information for orgs in a relation with and org and specified types</search:desc>
		<search:searchResultTypeInfo>
			<ref bean="org.result.orgQuickView" />
		</search:searchResultTypeInfo>
		<search:searchCriteriaTypeInfo>
			<ref bean="org.criteria.orgQuickViewByRelationTypeRelatedOrgTypeOrgId" />
		</search:searchCriteriaTypeInfo>
	</search:searchType>
	
	<search:searchType id="org.search.orgByShortName" parent="org.search.orgByShortName-parent"/>
	<search:searchType id="org.search.orgByShortName-parent"  abstract="true">
		<search:name>ShortName match</search:name>
		<search:desc>Search on shortName only.</search:desc>
		<search:searchResultTypeInfo>
			<ref bean="org.result.orgQuickView" />
		</search:searchResultTypeInfo>
		<search:searchCriteriaTypeInfo>
			<ref bean="org.criteria.orgByShortName" />
		</search:searchCriteriaTypeInfo>
	</search:searchType>
	
	<search:searchType id="org.search.orgByShortNameAndType" parent="org.search.orgByShortNameAndType-parent"/>
	<search:searchType id="org.search.orgByShortNameAndType-parent"  abstract="true">
		<search:name>ShortName and Type match</search:name>
		<search:desc>Search on shortName and Type.</search:desc>
		<search:searchResultTypeInfo>
			<ref bean="org.result.orgQuickView" />
		</search:searchResultTypeInfo>
		<search:searchCriteriaTypeInfo>
			<ref bean="org.criteria.orgByShortNameAndType" />
		</search:searchCriteriaTypeInfo>
	</search:searchType>
	
	<search:searchType id="org.search.orgQuickLongViewByFirstLetter" parent="org.search.orgQuickLongViewByFirstLetter-parent"/>
	<search:searchType id="org.search.orgQuickLongViewByFirstLetter-parent"  abstract="true">
		<search:name>Organization Quick View by First Letter of Short Name or Long Name</search:name>
		<search:desc>Returns a quick view of organization information for orgs whose short or long name start with a particular letter</search:desc>
		<search:searchResultTypeInfo>
			<ref bean="org.result.orgQuickLongView" />
		</search:searchResultTypeInfo>
		<search:searchCriteriaTypeInfo>
			<ref bean="org.criteria.orgByFirstLetter" />
		</search:searchCriteriaTypeInfo>
	</search:searchType>
	
	<search:searchType id="org.search.orgFullViewById" parent="org.search.orgFullViewById-parent"/>
	<search:searchType id="org.search.orgFullViewById-parent"  abstract="true">
		<search:name>Full view by organization id key</search:name>
		<search:desc>Returns a full view of organization information for the id supplied</search:desc>
		<search:searchResultTypeInfo>
			<ref bean="org.result.orgFullView" />
		</search:searchResultTypeInfo>
		<search:searchCriteriaTypeInfo>
			<ref bean="org.criteria.orgById" />
		</search:searchCriteriaTypeInfo>
	</search:searchType>

	<search:searchResultTypeInfo id="org.result.orgHierarchyIds" parent="org.result.orgHierarchyIds-parent"/>
	<search:searchResultTypeInfo id="org.result.orgHierarchyIds-parent"  abstract="true">
		<search:name>Organization Quick View</search:name>
		<search:desc>Quick view of the Organization</search:desc>
		<search:resultColumns>
			<ref bean="org.resultColumn.orgHierarchyId" />
			<ref bean="org.resultColumn.orgHierarchyName" />
		</search:resultColumns>
	</search:searchResultTypeInfo>

	<search:searchResultTypeInfo id="org.result.hierarchiesOrgIsIn" parent="org.result.hierarchiesOrgIsIn-parent"/>
	<search:searchResultTypeInfo id="org.result.hierarchiesOrgIsIn-parent"  abstract="true">
		<search:name>Hierarchies Containing an Org</search:name>
		<search:desc>IDs of hierarchies that a specified org is a member of</search:desc>
		<search:resultColumns>
			<ref bean="org.resultColumn.orgHierarchyId" />
		</search:resultColumns>
	</search:searchResultTypeInfo>

	<search:searchResultTypeInfo id="org.result.orgQuickView" parent="org.result.orgQuickView-parent"/>
	<search:searchResultTypeInfo id="org.result.orgQuickView-parent"  abstract="true">
		<search:name>Organization Quick View</search:name>
		<search:desc>Quick view of the Organization</search:desc>
		<search:resultColumns>
			<ref bean="org.resultColumn.orgId" />
			<ref bean="org.resultColumn.orgShortName" />
		</search:resultColumns>
	</search:searchResultTypeInfo>

	<search:searchResultTypeInfo id="org.result.orgQuickLongView" parent="org.result.orgQuickLongView-parent"/>
	<search:searchResultTypeInfo id="org.result.orgQuickLongView-parent"  abstract="true">
		<search:name>Organization Quick View</search:name>
		<search:desc>Quick view of the Organization</search:desc>
		<search:resultColumns>
			<ref bean="org.resultColumn.orgId" />
			<ref bean="org.resultColumn.orgLongName" />
			<ref bean="org.resultColumn.orgType" />
			<ref bean="org.resultColumn.orgHierarchyName" />
		</search:resultColumns>
	</search:searchResultTypeInfo>
	
	<search:searchResultTypeInfo id="org.result.orgFullView" parent="org.result.orgFullView-parent"/>
	<search:searchResultTypeInfo id="org.result.orgFullView-parent"  abstract="true">
		<search:name>Organization Full View</search:name>
		<search:desc>Full view of the Organization</search:desc>
		<search:resultColumns>
			<ref bean="org.resultColumn.orgId" />
			<ref bean="org.resultColumn.orgShortName" />
			<ref bean="org.resultColumn.orgLongName" />
			<ref bean="org.resultColumn.orgType" />
			<ref bean="org.resultColumn.orgHierarchyName" />
		</search:resultColumns>
	</search:searchResultTypeInfo>

	<search:resultColumn id="org.resultColumn.orgId" parent="org.resultColumn.orgId-parent"/>
	<search:resultColumn id="org.resultColumn.orgId-parent"  abstract="true">
		<search:name>Organization Identifier</search:name>
		<search:desc>Identifier for the organization</search:desc>
		<search:dataType>string</search:dataType>
	</search:resultColumn>

	<search:resultColumn id="org.resultColumn.orgShortName" parent="org.resultColumn.orgShortName-parent"/>
	<search:resultColumn id="org.resultColumn.orgShortName-parent"  abstract="true">
		<search:name>Organization Short Name</search:name>
		<search:desc>Short name for the organization, recorded as the default listing.</search:desc>
		<search:dataType>string</search:dataType>
	</search:resultColumn>

	<search:resultColumn id="org.resultColumn.orgLongName" parent="org.resultColumn.orgLongName-parent"/>
	<search:resultColumn id="org.resultColumn.orgLongName-parent"  abstract="true">
		<search:name>Organization Long Name</search:name>
		<search:desc>Long name for the organization, recorded as the default listing.</search:desc>
		<search:dataType>string</search:dataType>
	</search:resultColumn>

	<search:resultColumn id="org.resultColumn.orgHierarchyName" parent="org.resultColumn.orgHierarchyName-parent"/>
	<search:resultColumn id="org.resultColumn.orgHierarchyName-parent"  abstract="true">
		<search:name>Organization Hierarchy Name</search:name>
		<search:desc>Name for the Hierarchy an Organization is in.</search:desc>
		<search:dataType>string</search:dataType>
	</search:resultColumn>

	<search:resultColumn id="org.resultColumn.orgHierarchyId" parent="org.resultColumn.orgHierarchyId-parent"/>
	<search:resultColumn id="org.resultColumn.orgHierarchyId-parent"  abstract="true">
		<search:name>Organization Hierarchy Id</search:name>
		<search:desc>Id for the Hierarchy an Organization is in.</search:desc>
		<search:dataType>string</search:dataType>
	</search:resultColumn>

	<search:resultColumn id="org.resultColumn.orgType" parent="org.resultColumn.orgType-parent"/>
	<search:resultColumn id="org.resultColumn.orgType-parent"  abstract="true">
		<search:name>Organization Type</search:name>
		<search:desc>Organization Type</search:desc>
		<search:dataType>string</search:dataType>
	</search:resultColumn>

	
	<dict:fieldDescriptor id="parentFieldDescriptor" parent="parentFieldDescriptor-parent"/>
	<dict:fieldDescriptor id="parentFieldDescriptor-parent"  abstract="true">
		<dict:name>CLU Identifier</dict:name>
		<dict:desc>Unique identifier for a Canonical Learning Unit (CLU).</dict:desc>
		<dict:dataType>string</dict:dataType>
		<dict:readOnly>true</dict:readOnly>
	</dict:fieldDescriptor>
	
	<dict:fieldDescriptor id="list" parent="list-parent"/>
	<dict:fieldDescriptor id="list-parent"  abstract="true">
		<dict:name>CLU Identifier</dict:name>
		<dict:desc>Unique identifier for a Canonical Learning Unit (CLU).</dict:desc>
		<dict:dataType>complex</dict:dataType>
		<dict:readOnly>true</dict:readOnly>
	</dict:fieldDescriptor>

	<dict:fieldDescriptor id="childFieldDescriptor"
		parent="parentFieldDescriptor">
		<dict:name>Child CLU Identifier</dict:name>
	</dict:fieldDescriptor>

	<search:queryParam id="org.queryParam.orgType" parent="org.queryParam.orgType-parent"/>
	<search:queryParam id="org.queryParam.orgType-parent"  abstract="true">
		<ref bean="childFieldDescriptor" />
	</search:queryParam>
	
	<search:queryParam id="org.queryParam.orgTypeList" parent="org.queryParam.orgTypeList-parent"/>
	<search:queryParam id="org.queryParam.orgTypeList-parent"  abstract="true">
		<ref bean="list" />
	</search:queryParam>

	<search:queryParam id="org.queryParam.relationType" parent="org.queryParam.relationType-parent"/>
	<search:queryParam id="org.queryParam.relationType-parent"  abstract="true">
		<ref bean="childFieldDescriptor" />
	</search:queryParam>

	<search:queryParam id="org.queryParam.relatedOrgType" parent="org.queryParam.relatedOrgType-parent"/>
	<search:queryParam id="org.queryParam.relatedOrgType-parent"  abstract="true">
		<ref bean="childFieldDescriptor" />
	</search:queryParam>

	
	<search:queryParam id="org.queryParam.orgHierarchyId" parent="org.queryParam.orgHierarchyId-parent"/>
	<search:queryParam id="org.queryParam.orgHierarchyId-parent"  abstract="true">
		<ref bean="org.fieldDescriptor.orgHierarchyId"/>
	</search:queryParam>
	
	<search:queryParam id="org.queryParam.orgShortName" parent="org.queryParam.orgShortName-parent"/>
	<search:queryParam id="org.queryParam.orgShortName-parent"  abstract="true">
		<ref bean="org.fieldDescriptor.orgShortName"/>
	</search:queryParam>
	
	<search:queryParam id="org.queryParam.orgId" parent="org.queryParam.orgId-parent"/>
	<search:queryParam id="org.queryParam.orgId-parent"  abstract="true">
		<ref bean="org.fieldDescriptor.orgId"/>
	</search:queryParam>

	<dict:fieldDescriptor id="org.fieldDescriptor.orgHierarchyId" parent="org.fieldDescriptor.orgHierarchyId-parent"/>
	<dict:fieldDescriptor id="org.fieldDescriptor.orgHierarchyId-parent"  abstract="true">
		<dict:name>Hierarchy</dict:name>
		<dict:search key="org.search.orgHierarchyIds"/>
	</dict:fieldDescriptor>
	
	<dict:fieldDescriptor id="org.fieldDescriptor.orgShortName" parent="childFieldDescriptor">
		<dict:name>Org Name</dict:name>
	</dict:fieldDescriptor>
	
	<dict:fieldDescriptor id="org.fieldDescriptor.orgId" parent="childFieldDescriptor">
		<dict:name>Org Id</dict:name>
	</dict:fieldDescriptor>

	<search:searchCriteriaTypeInfo id="org.criteria.orgHierarchyIds" parent="org.criteria.orgHierarchyIds-parent"/>
	<search:searchCriteriaTypeInfo id="org.criteria.orgHierarchyIds-parent"  abstract="true">
		<search:name>OrgHierarchyIdsCriteria</search:name>
		<search:desc>OrgHierarchyIdsCriteria Description</search:desc>
	</search:searchCriteriaTypeInfo>

	<search:searchCriteriaTypeInfo id="org.criteria.hierarchiesOrgIsIn" parent="org.criteria.hierarchiesOrgIsIn-parent"/>
	<search:searchCriteriaTypeInfo id="org.criteria.hierarchiesOrgIsIn-parent"  abstract="true">
		<search:name>HierarchiesOrgIsInCriteria</search:name>
		<search:desc>Org ID on which to search for containing hierarchies</search:desc>
		<search:queryParams>
			<ref bean="org.queryParam.orgId" />
		</search:queryParams>
	</search:searchCriteriaTypeInfo>
	
	<search:searchCriteriaTypeInfo id="org.criteria.orgByRelationTypeOrgTypeRelatedOrgType" parent="org.criteria.orgByRelationTypeOrgTypeRelatedOrgType-parent"/>
	<search:searchCriteriaTypeInfo id="org.criteria.orgByRelationTypeOrgTypeRelatedOrgType-parent"  abstract="true">
		<search:name>OrgByRelationTypeOrgTypeRelatedOrgType</search:name>
		<search:desc>Orgs in a relation with the given org type and related org type</search:desc>
		<search:queryParams>
			<ref bean="org.queryParam.relationType" />
			<ref bean="org.queryParam.orgType" />
			<ref bean="org.queryParam.relatedOrgType" />
		</search:queryParams>
	</search:searchCriteriaTypeInfo>
	
	<search:searchCriteriaTypeInfo id="org.criteria.orgByRelationTypeOrgTypeRelatedOrgTypeAltr" parent="org.criteria.orgByRelationTypeOrgTypeRelatedOrgTypeAltr-parent"/>
	<search:searchCriteriaTypeInfo id="org.criteria.orgByRelationTypeOrgTypeRelatedOrgTypeAltr-parent"  abstract="true">
		<search:name>OrgByRelationTypeOrgTypeRelatedOrgType</search:name>
		<search:desc>Orgs in a relation with the given org type and related org type</search:desc>
		<search:queryParams>
			<ref bean="org.queryParam.relationType" />
			<ref bean="org.queryParam.orgTypeList" />
			<ref bean="org.queryParam.relatedOrgType" />
		</search:queryParams>
	</search:searchCriteriaTypeInfo>
	
	<search:searchCriteriaTypeInfo id="org.criteria.orgQuickViewByRelationTypeRelatedOrgTypeOrgId" parent="org.criteria.orgQuickViewByRelationTypeRelatedOrgTypeOrgId-parent"/>
	<search:searchCriteriaTypeInfo id="org.criteria.orgQuickViewByRelationTypeRelatedOrgTypeOrgId-parent"  abstract="true">
		<search:name>OrgQuickViewByRelationTypeRelatedOrgTypeOrgId</search:name>
		<search:desc>Orgs in a relation with the given orgid, type and related org type</search:desc>
		<search:queryParams>
			<ref bean="org.queryParam.relationType" />
			<ref bean="org.queryParam.orgId" />
			<ref bean="org.queryParam.relatedOrgType" />
		</search:queryParams>
	</search:searchCriteriaTypeInfo>

	<search:searchCriteriaTypeInfo id="org.criteria.orgByOrgType" parent="org.criteria.orgByOrgType-parent"/>
	<search:searchCriteriaTypeInfo id="org.criteria.orgByOrgType-parent"  abstract="true">
		<search:name>OrgByOrgTypeCriteria</search:name>
		<search:desc>OrgByOrgTypeCriteria Description</search:desc>
		<search:queryParams>
			<ref bean="org.queryParam.orgType" />
		</search:queryParams>
	</search:searchCriteriaTypeInfo>
	
	<search:searchCriteriaTypeInfo id="org.criteria.orgByHierarchyShortName" parent="org.criteria.orgByHierarchyShortName-parent"/>
	<search:searchCriteriaTypeInfo id="org.criteria.orgByHierarchyShortName-parent"  abstract="true">
		<search:name>OrgByHierarchyShortNameCriteria</search:name>
		<search:desc>OrgByHierarchyShortNameCriteria Description</search:desc>
		<search:queryParams>
			<ref bean="org.queryParam.orgHierarchyId" />
			<ref bean="org.queryParam.orgShortName" />
		</search:queryParams>
	</search:searchCriteriaTypeInfo>
	
	<search:searchCriteriaTypeInfo id="org.criteria.orgByShortName" parent="org.criteria.orgByShortName-parent"/>
	<search:searchCriteriaTypeInfo id="org.criteria.orgByShortName-parent"  abstract="true">
		<search:name>OrgByShortNameCriteria</search:name>
		<search:desc>OrgByShortNameCriteria Description</search:desc>
		<search:queryParams>
			<ref bean="org.queryParam.orgShortName" />
			<ref bean="org.queryParam.orgId" />
		</search:queryParams>
	</search:searchCriteriaTypeInfo>

	<search:searchCriteriaTypeInfo id="org.criteria.orgByShortNameAndType" parent="org.criteria.orgByShortNameAndType-parent"/>
	<search:searchCriteriaTypeInfo id="org.criteria.orgByShortNameAndType-parent"  abstract="true">
		<search:name>OrgByShortNameAndTypeCriteria</search:name>
		<search:desc>OrgByShortNameAndTypeCriteria Description</search:desc>
		<search:queryParams>
			<ref bean="org.queryParam.orgShortName" />
			<ref bean="org.queryParam.orgId" />
			<ref bean="org.queryParam.orgType" />
		</search:queryParams>
	</search:searchCriteriaTypeInfo>

	<search:searchCriteriaTypeInfo id="org.criteria.orgByFirstLetter" parent="org.criteria.orgByFirstLetter-parent"/>
	<search:searchCriteriaTypeInfo id="org.criteria.orgByFirstLetter-parent"  abstract="true">
		<search:name>OrgByFirstLetterCriteria</search:name>
		<search:queryParams>
			<ref bean="org.queryParam.orgShortName" />
		</search:queryParams>
	</search:searchCriteriaTypeInfo>
	
	<search:searchCriteriaTypeInfo id="org.criteria.orgById" parent="org.criteria.orgById-parent"/>
	<search:searchCriteriaTypeInfo id="org.criteria.orgById-parent"  abstract="true">
		<search:name>OrgByIdCriteria</search:name>
		<search:desc>OrgByIdCriteria Description</search:desc>
		<search:queryParams>
			<ref bean="org.queryParam.orgId" />
		</search:queryParams>
	</search:searchCriteriaTypeInfo>

	<bean id="queryMap" class="org.springframework.beans.factory.config.MapFactoryBean">
		<property name="sourceMap">
			<map>
				<entry key="org.search.orgHierarchyIds">
					<value>SELECT oh.id, oh.name FROM OrgHierarchy oh</value>
				</entry>
				<entry key="org.search.hierarchiesOrgIsIn">
					<value>SELECT hierarchy.id FROM Org org, in(org.type.orgHierarchies) hierarchy WHERE org.id = :org_queryParam_orgId</value>
				</entry>
				<entry key="org.search.orgQuickViewByOrgType">
					<value>SELECT org.id, org.shortName FROM Org org WHERE
						org.type.id = :org_queryParam_orgType</value>
				</entry>
				<entry key="org.search.orgQuickViewByHierarchyShortName">
					<value>SELECT org.id, org.shortName FROM Org org, in(org.type.orgHierarchies) hierarcy WHERE org.shortName like :org_queryParam_orgShortName and hierarcy.id = :org_queryParam_orgHierarchyId</value>
				</entry>
				<entry key="org.search.orgQuickLongViewByFirstLetter">
					<value>SELECT org.id, org.longName, org.type.id, hierarchy.name FROM Org org, in(org.type.orgHierarchies) hierarchy WHERE org.shortName like :org_queryParam_orgShortName or org.longName like :org_queryParam_orgShortName</value>
				</entry>
				<entry key="org.search.orgByShortName">
					<value>SELECT org.id, org.shortName FROM Org org WHERE org.shortName like :org_queryParam_orgShortName or org.id = :org_queryParam_orgId</value>
				</entry>
				<entry key="org.search.orgByShortNameAndType">
					<value>SELECT org.id, org.shortName FROM Org org WHERE org.type.id = :org_queryParam_orgType AND (org.shortName like :org_queryParam_orgShortName or org.id = :org_queryParam_orgId)</value>
				</entry>
				<entry key="org.search.orgFullViewById">
					<value>SELECT org.id, org.shortName, org.longName, org.type.id, hierarchy.name FROM Org org, in(org.type.orgHierarchies) hierarchy WHERE org.id = :org_queryParam_orgId</value>
				</entry>
				<entry key="org.search.orgQuickViewByRelationTypeOrgTypeRelatedOrgType">
					<value>SELECT rel.relatedOrg.id, rel.relatedOrg.shortName FROM OrgOrgRelation rel WHERE rel.type.id = :org_queryParam_relationType AND rel.org.type.id = :org_queryParam_orgType AND rel.relatedOrg.type.id = :org_queryParam_relatedOrgType</value>
				</entry>
				<entry key="org.search.orgQuickViewByRelationTypeRelatedOrgTypeOrgId">
					<value>SELECT rel.relatedOrg.id, rel.relatedOrg.shortName FROM OrgOrgRelation rel WHERE rel.type.id = :org_queryParam_relationType AND rel.org.id = :org_queryParam_orgId AND rel.relatedOrg.type.id = :org_queryParam_relatedOrgType</value>
				</entry>
				<entry key="org.search.orgQuickViewByRelationTypeOrgTypeRelatedOrgTypeAltr">
					<value>SELECT rel.org.id, rel.org.shortName FROM OrgOrgRelation rel WHERE rel.type.id = :org_queryParam_relationType AND (rel.org.type.id in (:org_queryParam_orgTypeList))  AND rel.relatedOrg.type.id = :org_queryParam_relatedOrgType</value>
				</entry>
				<entry key="org.search.test.orgs">
					<value>SELECT org.id, org.shortName, org.longName, org.type.id, hierarchy.name FROM Org org, in(org.type.orgHierarchies) hierarchy</value>
				</entry>
				<entry key="org.search.advanced">
					<value>SELECT org.id, org.shortName, org.longName, org.type.id FROM Org org</value>
				</entry>				
				<entry key="org.queryParam.orgGenericType">
					<value>org.type.id = :org_queryParam_orgGenericType</value>
				</entry>
				<entry key="org.queryParam.orgGenericShortName">
					<value>org.shortName like :org_queryParam_orgGenericShortName</value>
				</entry>
				<entry key="org.queryParam.orgOptionalId">
					<value>org.id = :org_queryParam_orgOptionalId</value>
				</entry>					
				<entry key="org.queryParam.orgOptionalType">
					<value>org.type.id = :org_queryParam_orgOptionalType</value>
				</entry>	
				<entry key="org.queryParam.orgOptionalShortName">
					<value>org.shortName</value>
				</entry>
				<entry key="org.queryParam.startswith.orgOptionalShortName">
				    <value>org.shortName like :org_queryParam_startswith_orgOptionalShortName || '%'</value>
				</entry>	
				<entry key="org.queryParam.orgOptionalLongName">
					<value>org.longName</value>
				</entry>	
				<entry key="org.queryParam.orgOptionalLocation">
					<value>org.longName</value>  <!--  we don't have yet location defined in database -->
				</entry>													
			</map>
		</property>
	</bean>

</beans>